{'task': {'name': 'forecasting', 'sync': {'n_channels': 7, 'input_len': 96, 'output_len': 96, 'batch_size': 32, 'device': 'cuda:0', 'seed': 1234, 'if_sample': False, 'sample_size': 64, 'cycle': 168}, 'eval_pred_len': 12, 'eval_list': [], 'param_list': ['biRec_multi_v2', 'biRec_multi_v5'], 'intrain_list': ['biRec_multi']}, 'dataset': {'root_dir': '../Datasets/', 'task': 'forecasting', 'name': ['ETTh1'], 'sync': {'n_channels': 7, 'input_len': 96, 'output_len': 96, 'batch_size': 32, 'device': 'cuda:0', 'seed': 1234, 'if_sample': False, 'sample_size': 64, 'cycle': 168}, 'train_ratio': 0.6, 'val_ratio': 0.2, 'test_ratio': 0.2, 'pred_type': 'm2m', 'scale': False}, 'model': {'name': 'Linear', 'task': 'forecasting', 'sync': {'n_channels': 7, 'input_len': 96, 'output_len': 96, 'batch_size': 32, 'device': 'cuda:0', 'seed': 1234, 'if_sample': False, 'sample_size': 64, 'cycle': 168}}, 'config_path': 'configs', 'log_path': 'logs/', 'figs_path': 'figs/', 'ckpts_path': 'ckpts/', 'resume': False, 'epochs': 100, 'learning_rate': 0.001, 'sync': {'n_channels': 7, 'input_len': 96, 'output_len': 96, 'batch_size': 32, 'device': 'cuda:0', 'seed': 1234, 'if_sample': False, 'sample_size': 64, 'cycle': 168}}
{'name': 'Linear', 'task': 'forecasting', 'sync': {'n_channels': 7, 'input_len': 96, 'output_len': 96, 'batch_size': 32, 'device': 'cuda:0', 'seed': 1234, 'if_sample': False, 'sample_size': 64, 'cycle': 168}}
{'root_dir': '../Datasets/', 'task': 'forecasting', 'name': ['ETTh1'], 'sync': {'n_channels': 7, 'input_len': 96, 'output_len': 96, 'batch_size': 32, 'device': 'cuda:0', 'seed': 1234, 'if_sample': False, 'sample_size': 64, 'cycle': 168}, 'train_ratio': 0.6, 'val_ratio': 0.2, 'test_ratio': 0.2, 'pred_type': 'm2m', 'scale': False}
Epoch: 1 
On Valid Set, MAE:0.5845722556114197, MSE:0.7784537076950073, MAPE:647.9700317382812
On Test Set, MAE:0.40831810235977173, MSE:0.3993681073188782, MAPE:1012.31787109375
best model saved
Epoch: 2 
On Valid Set, MAE:0.5806164741516113, MSE:0.7730259895324707, MAPE:637.6581420898438
On Test Set, MAE:0.4030071794986725, MSE:0.39308446645736694, MAPE:1003.264892578125
best model saved
Epoch: 3 
On Valid Set, MAE:0.578915536403656, MSE:0.7707062363624573, MAPE:633.726806640625
On Test Set, MAE:0.40078815817832947, MSE:0.3905300796031952, MAPE:997.2274780273438
best model saved
Epoch: 4 
On Valid Set, MAE:0.5780060887336731, MSE:0.7694464921951294, MAPE:631.9274291992188
On Test Set, MAE:0.3995899558067322, MSE:0.3891686499118805, MAPE:993.3671264648438
best model saved
Epoch: 5 
On Valid Set, MAE:0.577473521232605, MSE:0.768701434135437, MAPE:631.0881958007812
On Test Set, MAE:0.39887723326683044, MSE:0.3883655369281769, MAPE:991.1568603515625
best model saved
Epoch: 6 
On Valid Set, MAE:0.5771436095237732, MSE:0.7682386636734009, MAPE:630.6220703125
On Test Set, MAE:0.39843079447746277, MSE:0.3878648579120636, MAPE:989.8944702148438
best model saved
Epoch: 7 
On Valid Set, MAE:0.5769332051277161, MSE:0.7679412364959717, MAPE:630.4107055664062
On Test Set, MAE:0.398142009973526, MSE:0.387541264295578, MAPE:989.16748046875
best model saved
Epoch: 8 
On Valid Set, MAE:0.5767949223518372, MSE:0.7677451968193054, MAPE:630.3024291992188
On Test Set, MAE:0.39795124530792236, MSE:0.38732659816741943, MAPE:988.7557983398438
best model saved
Epoch: 9 
On Valid Set, MAE:0.5767022371292114, MSE:0.7676131129264832, MAPE:630.2650146484375
On Test Set, MAE:0.3978229761123657, MSE:0.3871814012527466, MAPE:988.5474853515625
best model saved
Epoch: 10 
On Valid Set, MAE:0.576639711856842, MSE:0.7675227522850037, MAPE:630.2977905273438
On Test Set, MAE:0.39773598313331604, MSE:0.38708174228668213, MAPE:988.4780883789062
best model saved
Epoch: 11 
On Valid Set, MAE:0.5765970945358276, MSE:0.7674598693847656, MAPE:630.352783203125
On Test Set, MAE:0.3976759910583496, MSE:0.3870124816894531, MAPE:988.4829711914062
best model saved
Epoch: 12 
On Valid Set, MAE:0.5765678286552429, MSE:0.7674156427383423, MAPE:630.4097900390625
On Test Set, MAE:0.39763444662094116, MSE:0.3869638741016388, MAPE:988.517578125
best model saved
Epoch: 13 
On Valid Set, MAE:0.5765478610992432, MSE:0.7673841714859009, MAPE:630.4693603515625
On Test Set, MAE:0.39760535955429077, MSE:0.3869294226169586, MAPE:988.569091796875
best model saved
Epoch: 14 
On Valid Set, MAE:0.5765339732170105, MSE:0.767361581325531, MAPE:630.52685546875
On Test Set, MAE:0.39758503437042236, MSE:0.38690489530563354, MAPE:988.6273193359375
best model saved
Epoch: 15 
On Valid Set, MAE:0.5765241980552673, MSE:0.7673452496528625, MAPE:630.5791015625
On Test Set, MAE:0.39757072925567627, MSE:0.3868873417377472, MAPE:988.6843872070312
best model saved
Epoch: 16 
On Valid Set, MAE:0.5765174627304077, MSE:0.7673333287239075, MAPE:630.6277465820312
On Test Set, MAE:0.39756059646606445, MSE:0.38687464594841003, MAPE:988.7386474609375
best model saved
Epoch: 17 
On Valid Set, MAE:0.5765127539634705, MSE:0.7673245668411255, MAPE:630.6716918945312
On Test Set, MAE:0.39755353331565857, MSE:0.3868654668331146, MAPE:988.7893676757812
best model saved
Epoch: 18 
On Valid Set, MAE:0.5765095353126526, MSE:0.7673181295394897, MAPE:630.7119140625
On Test Set, MAE:0.39754852652549744, MSE:0.38685882091522217, MAPE:988.8424072265625
best model saved
Epoch: 19 
On Valid Set, MAE:0.5765073895454407, MSE:0.7673134207725525, MAPE:630.7489013671875
On Test Set, MAE:0.39754506945610046, MSE:0.386853963136673, MAPE:988.8919067382812
best model saved
Epoch: 20 
On Valid Set, MAE:0.5765058994293213, MSE:0.767309844493866, MAPE:630.7821655273438
On Test Set, MAE:0.39754265546798706, MSE:0.38685038685798645, MAPE:988.935546875
best model saved
Epoch: 21 
On Valid Set, MAE:0.5765050053596497, MSE:0.7673072218894958, MAPE:630.8110961914062
On Test Set, MAE:0.3975410461425781, MSE:0.3868477940559387, MAPE:988.9743041992188
best model saved
Epoch: 22 
On Valid Set, MAE:0.5765044689178467, MSE:0.767305314540863, MAPE:630.8370361328125
On Test Set, MAE:0.39753997325897217, MSE:0.3868458867073059, MAPE:989.0079345703125
best model saved
Epoch: 23 
On Valid Set, MAE:0.576504111289978, MSE:0.7673038244247437, MAPE:630.8597412109375
On Test Set, MAE:0.3975392282009125, MSE:0.3868445158004761, MAPE:989.0377197265625
best model saved
Epoch: 24 
On Valid Set, MAE:0.5765039920806885, MSE:0.7673028111457825, MAPE:630.879638671875
On Test Set, MAE:0.3975387513637543, MSE:0.3868435025215149, MAPE:989.063232421875
best model saved
Epoch: 25 
On Valid Set, MAE:0.5765039324760437, MSE:0.7673020362854004, MAPE:630.8967895507812
On Test Set, MAE:0.3975384831428528, MSE:0.3868427574634552, MAPE:989.0859375
best model saved
Epoch: 26 
On Valid Set, MAE:0.5765039324760437, MSE:0.7673013806343079, MAPE:630.9118041992188
On Test Set, MAE:0.39753830432891846, MSE:0.3868422210216522, MAPE:989.1054077148438
best model saved
Epoch: 27 
On Valid Set, MAE:0.5765040516853333, MSE:0.7673009037971497, MAPE:630.9248657226562
On Test Set, MAE:0.3975382447242737, MSE:0.3868418335914612, MAPE:989.1223754882812
best model saved
Epoch: 28 
On Valid Set, MAE:0.576504111289978, MSE:0.7673006653785706, MAPE:630.9360961914062
On Test Set, MAE:0.3975382447242737, MSE:0.3868415653705597, MAPE:989.1371459960938
best model saved
Epoch: 29 
On Valid Set, MAE:0.5765042304992676, MSE:0.7673003673553467, MAPE:630.9458618164062
On Test Set, MAE:0.39753827452659607, MSE:0.386841356754303, MAPE:989.1502685546875
best model saved
Epoch: 30 
On Valid Set, MAE:0.5765042901039124, MSE:0.7673002481460571, MAPE:630.9542846679688
On Test Set, MAE:0.39753833413124084, MSE:0.38684117794036865, MAPE:989.1616821289062
best model saved
Epoch: 31 
On Valid Set, MAE:0.5765044689178467, MSE:0.7673001289367676, MAPE:630.9617309570312
On Test Set, MAE:0.397538423538208, MSE:0.3868410885334015, MAPE:989.1716918945312
best model saved
Epoch: 32 
On Valid Set, MAE:0.5765045881271362, MSE:0.7673000693321228, MAPE:630.9681396484375
On Test Set, MAE:0.3975384831428528, MSE:0.3868410289287567, MAPE:989.1804809570312
best model saved
Epoch: 33 
On Valid Set, MAE:0.576504647731781, MSE:0.767300009727478, MAPE:630.9737548828125
On Test Set, MAE:0.39753857254981995, MSE:0.38684093952178955, MAPE:989.1882934570312
best model saved
Epoch: 34 
On Valid Set, MAE:0.5765047669410706, MSE:0.767300009727478, MAPE:630.9786376953125
On Test Set, MAE:0.3975386917591095, MSE:0.38684093952178955, MAPE:989.195068359375
Epoch: 35 
On Valid Set, MAE:0.5765048265457153, MSE:0.7672998309135437, MAPE:630.9828491210938
On Test Set, MAE:0.3975387513637543, MSE:0.38684090971946716, MAPE:989.2010498046875
best model saved
Epoch: 36 
On Valid Set, MAE:0.5765050053596497, MSE:0.7672998309135437, MAPE:630.986572265625
On Test Set, MAE:0.39753881096839905, MSE:0.38684093952178955, MAPE:989.2062377929688
Epoch: 37 
On Valid Set, MAE:0.5765050649642944, MSE:0.7672998309135437, MAPE:630.9898071289062
On Test Set, MAE:0.3975389003753662, MSE:0.38684090971946716, MAPE:989.210693359375
Epoch: 38 
On Valid Set, MAE:0.5765051245689392, MSE:0.7672998309135437, MAPE:630.9926147460938
On Test Set, MAE:0.397538959980011, MSE:0.3868408799171448, MAPE:989.2147827148438
Epoch: 39 
On Valid Set, MAE:0.5765051245689392, MSE:0.7672998309135437, MAPE:630.9949951171875
On Test Set, MAE:0.39753901958465576, MSE:0.38684093952178955, MAPE:989.21826171875
Epoch: 40 
On Valid Set, MAE:0.5765052437782288, MSE:0.7672999501228333, MAPE:630.9971923828125
On Test Set, MAE:0.39753907918930054, MSE:0.3868408799171448, MAPE:989.2210693359375
Epoch: 41 
On Valid Set, MAE:0.5765052437782288, MSE:0.7672998309135437, MAPE:630.9990234375
On Test Set, MAE:0.39753907918930054, MSE:0.38684093952178955, MAPE:989.223876953125
Epoch: 42 
On Valid Set, MAE:0.5765053033828735, MSE:0.7672999501228333, MAPE:631.0006713867188
On Test Set, MAE:0.3975391685962677, MSE:0.38684093952178955, MAPE:989.2261352539062
Epoch: 43 
On Valid Set, MAE:0.5765053629875183, MSE:0.7672998309135437, MAPE:631.0020751953125
On Test Set, MAE:0.3975391983985901, MSE:0.38684093952178955, MAPE:989.228271484375
Epoch: 44 
On Valid Set, MAE:0.5765053629875183, MSE:0.7672999501228333, MAPE:631.0032958984375
On Test Set, MAE:0.3975392282009125, MSE:0.38684090971946716, MAPE:989.22998046875
Epoch: 45 
On Valid Set, MAE:0.5765054225921631, MSE:0.7672999501228333, MAPE:631.0044555664062
On Test Set, MAE:0.3975392282009125, MSE:0.38684093952178955, MAPE:989.2315063476562
Epoch: 46 
On Valid Set, MAE:0.5765055418014526, MSE:0.7672998309135437, MAPE:631.0053100585938
On Test Set, MAE:0.39753925800323486, MSE:0.38684093952178955, MAPE:989.2328491210938
Epoch: 47 
On Valid Set, MAE:0.5765055418014526, MSE:0.7672999501228333, MAPE:631.0061645507812
On Test Set, MAE:0.39753928780555725, MSE:0.38684093952178955, MAPE:989.2339477539062
Epoch: 48 
On Valid Set, MAE:0.5765055418014526, MSE:0.7672999501228333, MAPE:631.0068969726562
On Test Set, MAE:0.39753928780555725, MSE:0.38684093952178955, MAPE:989.2350463867188
Epoch: 49 
On Valid Set, MAE:0.5765055418014526, MSE:0.7672999501228333, MAPE:631.0075073242188
On Test Set, MAE:0.39753931760787964, MSE:0.38684093952178955, MAPE:989.2359619140625
Epoch: 50 
On Valid Set, MAE:0.5765055418014526, MSE:0.7672999501228333, MAPE:631.0081176757812
On Test Set, MAE:0.39753931760787964, MSE:0.38684096932411194, MAPE:989.2367553710938
Epoch: 51 
On Valid Set, MAE:0.5765055418014526, MSE:0.7672999501228333, MAPE:631.0086059570312
On Test Set, MAE:0.397539347410202, MSE:0.38684096932411194, MAPE:989.2374267578125
Epoch: 52 
On Valid Set, MAE:0.5765056014060974, MSE:0.767300009727478, MAPE:631.009033203125
On Test Set, MAE:0.3975393772125244, MSE:0.38684093952178955, MAPE:989.2379760742188
Epoch: 53 
On Valid Set, MAE:0.5765056610107422, MSE:0.767300009727478, MAPE:631.0093994140625
On Test Set, MAE:0.3975393772125244, MSE:0.38684093952178955, MAPE:989.2386474609375
Epoch: 54 
On Valid Set, MAE:0.5765056014060974, MSE:0.767300009727478, MAPE:631.009765625
On Test Set, MAE:0.3975393772125244, MSE:0.38684093952178955, MAPE:989.2391357421875
Epoch: 55 
On Valid Set, MAE:0.5765056610107422, MSE:0.767300009727478, MAPE:631.010009765625
On Test Set, MAE:0.3975393772125244, MSE:0.38684096932411194, MAPE:989.2393798828125
Epoch: 56 
On Valid Set, MAE:0.5765056610107422, MSE:0.767300009727478, MAPE:631.0103149414062
On Test Set, MAE:0.3975394368171692, MSE:0.38684096932411194, MAPE:989.2398071289062
Epoch: 57 
On Valid Set, MAE:0.5765056610107422, MSE:0.767300009727478, MAPE:631.0105590820312
On Test Set, MAE:0.3975394368171692, MSE:0.38684096932411194, MAPE:989.2401733398438
Epoch: 58 
On Valid Set, MAE:0.5765056610107422, MSE:0.7672999501228333, MAPE:631.0107421875
On Test Set, MAE:0.3975394368171692, MSE:0.38684096932411194, MAPE:989.2403564453125
Epoch: 59 
On Valid Set, MAE:0.5765056610107422, MSE:0.7672999501228333, MAPE:631.0108642578125
On Test Set, MAE:0.3975394368171692, MSE:0.38684096932411194, MAPE:989.24072265625
Epoch: 60 
On Valid Set, MAE:0.5765056610107422, MSE:0.7672999501228333, MAPE:631.0110473632812
On Test Set, MAE:0.3975394368171692, MSE:0.38684096932411194, MAPE:989.2409057617188
Epoch: 61 
On Valid Set, MAE:0.5765056610107422, MSE:0.767300009727478, MAPE:631.01123046875
On Test Set, MAE:0.3975394368171692, MSE:0.38684096932411194, MAPE:989.2411499023438
Epoch: 62 
On Valid Set, MAE:0.5765056610107422, MSE:0.7672999501228333, MAPE:631.0112915039062
On Test Set, MAE:0.3975394368171692, MSE:0.38684096932411194, MAPE:989.2412109375
Epoch: 63 
On Valid Set, MAE:0.5765056610107422, MSE:0.7672999501228333, MAPE:631.0114135742188
On Test Set, MAE:0.3975394368171692, MSE:0.38684096932411194, MAPE:989.2413940429688
Epoch: 64 
On Valid Set, MAE:0.5765056610107422, MSE:0.7672999501228333, MAPE:631.011474609375
On Test Set, MAE:0.3975394368171692, MSE:0.3868410289287567, MAPE:989.2413940429688
Epoch: 65 
On Valid Set, MAE:0.5765056610107422, MSE:0.767300009727478, MAPE:631.0116577148438
On Test Set, MAE:0.3975394368171692, MSE:0.3868410289287567, MAPE:989.24169921875
Epoch: 66 
On Valid Set, MAE:0.5765056610107422, MSE:0.767300009727478, MAPE:631.0116577148438
On Test Set, MAE:0.3975394368171692, MSE:0.3868410289287567, MAPE:989.24169921875
Epoch: 67 
On Valid Set, MAE:0.5765056610107422, MSE:0.767300009727478, MAPE:631.01171875
On Test Set, MAE:0.3975394368171692, MSE:0.3868410289287567, MAPE:989.2418823242188
Epoch: 68 
On Valid Set, MAE:0.5765056610107422, MSE:0.767300009727478, MAPE:631.0117797851562
On Test Set, MAE:0.3975394368171692, MSE:0.38684096932411194, MAPE:989.2418823242188
Epoch: 69 
On Valid Set, MAE:0.5765056610107422, MSE:0.767300009727478, MAPE:631.0118408203125
On Test Set, MAE:0.3975394368171692, MSE:0.3868410289287567, MAPE:989.2418823242188
Epoch: 70 
On Valid Set, MAE:0.5765056610107422, MSE:0.767300009727478, MAPE:631.0118408203125
On Test Set, MAE:0.3975394368171692, MSE:0.3868410289287567, MAPE:989.2420043945312
Epoch: 71 
On Valid Set, MAE:0.5765056610107422, MSE:0.767300009727478, MAPE:631.0119018554688
On Test Set, MAE:0.3975394368171692, MSE:0.3868410289287567, MAPE:989.2420654296875
Epoch: 72 
On Valid Set, MAE:0.5765056610107422, MSE:0.767300009727478, MAPE:631.0120239257812
On Test Set, MAE:0.3975394368171692, MSE:0.3868410289287567, MAPE:989.2420654296875
Epoch: 73 
On Valid Set, MAE:0.5765056610107422, MSE:0.767300009727478, MAPE:631.0120239257812
On Test Set, MAE:0.3975394368171692, MSE:0.38684093952178955, MAPE:989.2420654296875
Epoch: 74 
On Valid Set, MAE:0.5765056610107422, MSE:0.767300009727478, MAPE:631.0120239257812
On Test Set, MAE:0.3975394368171692, MSE:0.38684096932411194, MAPE:989.2420654296875
Epoch: 75 
On Valid Set, MAE:0.5765056610107422, MSE:0.767300009727478, MAPE:631.0120239257812
On Test Set, MAE:0.3975394368171692, MSE:0.3868410289287567, MAPE:989.2420654296875
Epoch: 76 
On Valid Set, MAE:0.576505720615387, MSE:0.767300009727478, MAPE:631.0120849609375
On Test Set, MAE:0.3975394368171692, MSE:0.38684096932411194, MAPE:989.2422485351562
Epoch: 77 
On Valid Set, MAE:0.5765056610107422, MSE:0.767300009727478, MAPE:631.0120849609375
On Test Set, MAE:0.3975394368171692, MSE:0.38684093952178955, MAPE:989.2422485351562
Epoch: 78 
On Valid Set, MAE:0.576505720615387, MSE:0.767300009727478, MAPE:631.0120849609375
On Test Set, MAE:0.3975394368171692, MSE:0.3868410289287567, MAPE:989.2422485351562
Epoch: 79 
On Valid Set, MAE:0.5765056610107422, MSE:0.767300009727478, MAPE:631.0121459960938
On Test Set, MAE:0.3975394368171692, MSE:0.3868410289287567, MAPE:989.2422485351562
Epoch: 80 
On Valid Set, MAE:0.5765056610107422, MSE:0.767300009727478, MAPE:631.0120849609375
On Test Set, MAE:0.3975394368171692, MSE:0.38684096932411194, MAPE:989.2422485351562
Epoch: 81 
On Valid Set, MAE:0.5765056610107422, MSE:0.767300009727478, MAPE:631.0121459960938
On Test Set, MAE:0.3975394368171692, MSE:0.38684096932411194, MAPE:989.2422485351562
Epoch: 82 
On Valid Set, MAE:0.5765056610107422, MSE:0.767300009727478, MAPE:631.0121459960938
On Test Set, MAE:0.3975394368171692, MSE:0.38684096932411194, MAPE:989.2422485351562
Epoch: 83 
On Valid Set, MAE:0.5765056610107422, MSE:0.767300009727478, MAPE:631.0121459960938
On Test Set, MAE:0.3975394368171692, MSE:0.38684096932411194, MAPE:989.2422485351562
Epoch: 84 
On Valid Set, MAE:0.5765056610107422, MSE:0.767300009727478, MAPE:631.0121459960938
On Test Set, MAE:0.3975394368171692, MSE:0.3868410289287567, MAPE:989.2422485351562
Epoch: 85 
On Valid Set, MAE:0.5765056610107422, MSE:0.767300009727478, MAPE:631.01220703125
On Test Set, MAE:0.3975394368171692, MSE:0.3868410289287567, MAPE:989.2422485351562
Epoch: 86 
On Valid Set, MAE:0.5765056610107422, MSE:0.767300009727478, MAPE:631.01220703125
On Test Set, MAE:0.3975394368171692, MSE:0.38684096932411194, MAPE:989.2422485351562
Epoch: 87 
On Valid Set, MAE:0.5765056610107422, MSE:0.767300009727478, MAPE:631.01220703125
On Test Set, MAE:0.3975394368171692, MSE:0.3868410289287567, MAPE:989.2422485351562
Epoch: 88 
On Valid Set, MAE:0.5765056610107422, MSE:0.767300009727478, MAPE:631.01220703125
On Test Set, MAE:0.3975394368171692, MSE:0.3868410289287567, MAPE:989.2422485351562
Epoch: 89 
On Valid Set, MAE:0.5765056610107422, MSE:0.767300009727478, MAPE:631.01220703125
On Test Set, MAE:0.3975394368171692, MSE:0.3868410289287567, MAPE:989.2422485351562
Epoch: 90 
On Valid Set, MAE:0.5765056610107422, MSE:0.767300009727478, MAPE:631.0121459960938
On Test Set, MAE:0.3975394368171692, MSE:0.3868410289287567, MAPE:989.2422485351562
Epoch: 91 
On Valid Set, MAE:0.5765056610107422, MSE:0.767300009727478, MAPE:631.0121459960938
On Test Set, MAE:0.3975394368171692, MSE:0.3868410289287567, MAPE:989.2422485351562
Epoch: 92 
On Valid Set, MAE:0.5765056610107422, MSE:0.767300009727478, MAPE:631.0121459960938
On Test Set, MAE:0.3975394368171692, MSE:0.3868410289287567, MAPE:989.242431640625
Epoch: 93 
On Valid Set, MAE:0.5765056610107422, MSE:0.767300009727478, MAPE:631.0121459960938
On Test Set, MAE:0.3975394368171692, MSE:0.3868410289287567, MAPE:989.242431640625
Epoch: 94 
On Valid Set, MAE:0.5765056610107422, MSE:0.767300009727478, MAPE:631.0121459960938
On Test Set, MAE:0.3975394368171692, MSE:0.3868410289287567, MAPE:989.242431640625
Epoch: 95 
On Valid Set, MAE:0.5765056610107422, MSE:0.767300009727478, MAPE:631.0121459960938
On Test Set, MAE:0.3975394368171692, MSE:0.3868410289287567, MAPE:989.2425537109375
Epoch: 96 
On Valid Set, MAE:0.5765056610107422, MSE:0.767300009727478, MAPE:631.0121459960938
On Test Set, MAE:0.3975394368171692, MSE:0.38684096932411194, MAPE:989.242431640625
Epoch: 97 
On Valid Set, MAE:0.5765056610107422, MSE:0.767300009727478, MAPE:631.0121459960938
On Test Set, MAE:0.3975394368171692, MSE:0.38684096932411194, MAPE:989.242431640625
Epoch: 98 
On Valid Set, MAE:0.5765056610107422, MSE:0.767300009727478, MAPE:631.01220703125
On Test Set, MAE:0.3975394368171692, MSE:0.3868410289287567, MAPE:989.242431640625
Epoch: 99 
On Valid Set, MAE:0.5765056610107422, MSE:0.767300009727478, MAPE:631.01220703125
On Test Set, MAE:0.3975394368171692, MSE:0.3868410289287567, MAPE:989.2422485351562
Epoch: 100 
On Valid Set, MAE:0.5765056610107422, MSE:0.767300009727478, MAPE:631.0121459960938
On Test Set, MAE:0.3975394368171692, MSE:0.3868410289287567, MAPE:989.2425537109375
