{'task': {'name': 'forecasting', 'sync': {'n_channels': 7, 'input_len': 96, 'output_len': 96, 'batch_size': 32, 'device': 'cuda:0', 'seed': 1234, 'if_sample': True, 'sample_size': 64, 'cycle': 168}, 'eval_pred_len': 12, 'eval_list': [], 'param_list': ['biRec_multi_v2', 'biRec_multi_v5'], 'intrain_list': ['biRec_multi']}, 'dataset': {'root_dir': '../Datasets/', 'task': 'forecasting', 'name': ['ETTh1'], 'sync': {'n_channels': 7, 'input_len': 96, 'output_len': 96, 'batch_size': 32, 'device': 'cuda:0', 'seed': 1234, 'if_sample': True, 'sample_size': 64, 'cycle': 168}, 'train_ratio': 0.6, 'val_ratio': 0.2, 'test_ratio': 0.2, 'pred_type': 'm2m', 'scale': False}, 'model': {'name': 'Linear', 'task': 'forecasting', 'sync': {'n_channels': 7, 'input_len': 96, 'output_len': 96, 'batch_size': 32, 'device': 'cuda:0', 'seed': 1234, 'if_sample': True, 'sample_size': 64, 'cycle': 168}}, 'config_path': 'configs', 'log_path': 'logs/', 'figs_path': 'figs/', 'ckpts_path': 'ckpts/', 'resume': False, 'epochs': 100, 'learning_rate': 0.001, 'sync': {'n_channels': 7, 'input_len': 96, 'output_len': 96, 'batch_size': 32, 'device': 'cuda:0', 'seed': 1234, 'if_sample': True, 'sample_size': 64, 'cycle': 168}}
{'name': 'Linear', 'task': 'forecasting', 'sync': {'n_channels': 7, 'input_len': 96, 'output_len': 96, 'batch_size': 32, 'device': 'cuda:0', 'seed': 1234, 'if_sample': True, 'sample_size': 64, 'cycle': 168}}
{'root_dir': '../Datasets/', 'task': 'forecasting', 'name': ['ETTh1'], 'sync': {'n_channels': 7, 'input_len': 96, 'output_len': 96, 'batch_size': 32, 'device': 'cuda:0', 'seed': 1234, 'if_sample': True, 'sample_size': 64, 'cycle': 168}, 'train_ratio': 0.6, 'val_ratio': 0.2, 'test_ratio': 0.2, 'pred_type': 'm2m', 'scale': False}
Epoch: 1 
On Valid Set, MAE:0.5602127313613892, MSE:0.7147162556648254, MAPE:651.3019409179688
On Test Set, MAE:0.4106900990009308, MSE:0.40468791127204895, MAPE:1001.3621215820312
best model saved
Epoch: 2 
On Valid Set, MAE:0.5566542148590088, MSE:0.7127920389175415, MAPE:632.577392578125
On Test Set, MAE:0.40078356862068176, MSE:0.3930967152118683, MAPE:978.8911743164062
best model saved
Epoch: 3 
On Valid Set, MAE:0.5553732514381409, MSE:0.7157760262489319, MAPE:625.4356079101562
On Test Set, MAE:0.3967816233634949, MSE:0.3893178701400757, MAPE:972.7803344726562
Epoch: 4 
On Valid Set, MAE:0.5486227869987488, MSE:0.6978164315223694, MAPE:632.0626831054688
On Test Set, MAE:0.3968238830566406, MSE:0.3901357054710388, MAPE:968.21337890625
best model saved
Epoch: 5 
On Valid Set, MAE:0.5532459020614624, MSE:0.7093394994735718, MAPE:623.0563354492188
On Test Set, MAE:0.39600011706352234, MSE:0.38729530572891235, MAPE:968.07568359375
Epoch: 6 
On Valid Set, MAE:0.5503495335578918, MSE:0.7047810554504395, MAPE:624.471435546875
On Test Set, MAE:0.39550960063934326, MSE:0.38836923241615295, MAPE:965.9935913085938
Epoch: 7 
On Valid Set, MAE:0.5475112795829773, MSE:0.6969962120056152, MAPE:627.7445678710938
On Test Set, MAE:0.39481398463249207, MSE:0.38637059926986694, MAPE:956.4067993164062
best model saved
Epoch: 8 
On Valid Set, MAE:0.550908088684082, MSE:0.7032997012138367, MAPE:623.747802734375
On Test Set, MAE:0.3956134021282196, MSE:0.38795167207717896, MAPE:967.723388671875
Epoch: 9 
On Valid Set, MAE:0.5476747751235962, MSE:0.6964688301086426, MAPE:627.3365478515625
On Test Set, MAE:0.3941766917705536, MSE:0.3863050639629364, MAPE:963.5986328125
best model saved
Epoch: 10 
On Valid Set, MAE:0.5503073334693909, MSE:0.7040144205093384, MAPE:622.7384643554688
On Test Set, MAE:0.3943540155887604, MSE:0.3864574730396271, MAPE:961.47412109375
Epoch: 11 
On Valid Set, MAE:0.5496039986610413, MSE:0.702938973903656, MAPE:623.6469116210938
On Test Set, MAE:0.39368435740470886, MSE:0.38643112778663635, MAPE:962.7689208984375
Epoch: 12 
On Valid Set, MAE:0.5520640015602112, MSE:0.7083559036254883, MAPE:621.3323364257812
On Test Set, MAE:0.3921230435371399, MSE:0.3832283616065979, MAPE:961.8823852539062
Epoch: 13 
On Valid Set, MAE:0.5503751039505005, MSE:0.7053540945053101, MAPE:623.2052612304688
On Test Set, MAE:0.39310359954833984, MSE:0.38517600297927856, MAPE:961.4530639648438
Epoch: 14 
On Valid Set, MAE:0.5485451221466064, MSE:0.7005946040153503, MAPE:624.8533935546875
On Test Set, MAE:0.39307934045791626, MSE:0.3852180540561676, MAPE:962.1595458984375
Epoch: 15 
On Valid Set, MAE:0.5465152859687805, MSE:0.6943765878677368, MAPE:629.8284301757812
On Test Set, MAE:0.39374595880508423, MSE:0.38588762283325195, MAPE:962.4260864257812
best model saved
Epoch: 16 
On Valid Set, MAE:0.5494129657745361, MSE:0.7009126543998718, MAPE:629.8345336914062
On Test Set, MAE:0.3949384391307831, MSE:0.38733166456222534, MAPE:961.0697631835938
Epoch: 17 
On Valid Set, MAE:0.5485610961914062, MSE:0.7001438140869141, MAPE:626.4804077148438
On Test Set, MAE:0.3939753770828247, MSE:0.386973112821579, MAPE:963.3134155273438
Epoch: 18 
On Valid Set, MAE:0.5488556623458862, MSE:0.6997920274734497, MAPE:625.7288208007812
On Test Set, MAE:0.39358967542648315, MSE:0.38511204719543457, MAPE:960.89794921875
Epoch: 19 
On Valid Set, MAE:0.5507277250289917, MSE:0.7030743956565857, MAPE:622.7915649414062
On Test Set, MAE:0.3954578638076782, MSE:0.3880065679550171, MAPE:965.8230590820312
Epoch: 20 
On Valid Set, MAE:0.5483322739601135, MSE:0.699840247631073, MAPE:623.34765625
On Test Set, MAE:0.39329707622528076, MSE:0.38467171788215637, MAPE:959.344970703125
Epoch: 21 
On Valid Set, MAE:0.5500697493553162, MSE:0.7022736668586731, MAPE:623.6082153320312
On Test Set, MAE:0.39509662985801697, MSE:0.38783589005470276, MAPE:962.8794555664062
Epoch: 22 
On Valid Set, MAE:0.548886775970459, MSE:0.7013524770736694, MAPE:622.2198486328125
On Test Set, MAE:0.3947290778160095, MSE:0.3878363370895386, MAPE:960.8262939453125
Epoch: 23 
On Valid Set, MAE:0.5498844981193542, MSE:0.703886866569519, MAPE:621.7098999023438
On Test Set, MAE:0.3942740559577942, MSE:0.3866382837295532, MAPE:961.359375
Epoch: 24 
On Valid Set, MAE:0.5503398180007935, MSE:0.7039798498153687, MAPE:623.865234375
On Test Set, MAE:0.3932453393936157, MSE:0.3853796720504761, MAPE:958.7821044921875
Epoch: 25 
On Valid Set, MAE:0.5486428141593933, MSE:0.7030035853385925, MAPE:625.2023315429688
On Test Set, MAE:0.3928237557411194, MSE:0.38560980558395386, MAPE:957.1095581054688
Epoch: 26 
On Valid Set, MAE:0.5492000579833984, MSE:0.7023723721504211, MAPE:626.6209106445312
On Test Set, MAE:0.3939283490180969, MSE:0.3865404427051544, MAPE:960.690185546875
Epoch: 27 
On Valid Set, MAE:0.5481551885604858, MSE:0.6990262269973755, MAPE:623.4428100585938
On Test Set, MAE:0.3950534462928772, MSE:0.38772448897361755, MAPE:963.1381225585938
Epoch: 28 
On Valid Set, MAE:0.547669529914856, MSE:0.6983897089958191, MAPE:624.5831909179688
On Test Set, MAE:0.39389654994010925, MSE:0.38634029030799866, MAPE:960.7264404296875
Epoch: 29 
On Valid Set, MAE:0.5476236343383789, MSE:0.6989892721176147, MAPE:626.9205932617188
On Test Set, MAE:0.39328935742378235, MSE:0.3862707316875458, MAPE:957.1436157226562
Epoch: 30 
On Valid Set, MAE:0.5500030517578125, MSE:0.7022157907485962, MAPE:625.1764526367188
On Test Set, MAE:0.3937631845474243, MSE:0.3861718475818634, MAPE:961.772705078125
Epoch: 31 
On Valid Set, MAE:0.5468592047691345, MSE:0.6939643025398254, MAPE:625.34375
On Test Set, MAE:0.3956291675567627, MSE:0.3867886960506439, MAPE:967.184814453125
best model saved
Epoch: 32 
On Valid Set, MAE:0.546445906162262, MSE:0.6940494179725647, MAPE:625.6014404296875
On Test Set, MAE:0.3939898610115051, MSE:0.3862500786781311, MAPE:957.7075805664062
Epoch: 33 
On Valid Set, MAE:0.5463018417358398, MSE:0.6940441131591797, MAPE:629.9176025390625
On Test Set, MAE:0.39522653818130493, MSE:0.3880022168159485, MAPE:960.2114868164062
Epoch: 34 
On Valid Set, MAE:0.5466219186782837, MSE:0.6953733563423157, MAPE:628.2738037109375
On Test Set, MAE:0.3946821391582489, MSE:0.3875921964645386, MAPE:959.616455078125
Epoch: 35 
On Valid Set, MAE:0.5489479899406433, MSE:0.6987739205360413, MAPE:628.2588500976562
On Test Set, MAE:0.3947346806526184, MSE:0.3866623342037201, MAPE:963.8778686523438
Epoch: 36 
On Valid Set, MAE:0.5500929951667786, MSE:0.7027270793914795, MAPE:624.4688110351562
On Test Set, MAE:0.3949100971221924, MSE:0.38725247979164124, MAPE:966.1458740234375
Epoch: 37 
On Valid Set, MAE:0.5508620738983154, MSE:0.7032336592674255, MAPE:622.5366821289062
On Test Set, MAE:0.39366719126701355, MSE:0.38464465737342834, MAPE:964.685791015625
Epoch: 38 
On Valid Set, MAE:0.5497437119483948, MSE:0.7060108184814453, MAPE:624.8360595703125
On Test Set, MAE:0.39384207129478455, MSE:0.38706889748573303, MAPE:958.85107421875
Epoch: 39 
On Valid Set, MAE:0.5496912598609924, MSE:0.7038392424583435, MAPE:621.3180541992188
On Test Set, MAE:0.3938157558441162, MSE:0.38612619042396545, MAPE:960.1748657226562
Epoch: 40 
On Valid Set, MAE:0.552814245223999, MSE:0.7101848125457764, MAPE:619.046630859375
On Test Set, MAE:0.39370325207710266, MSE:0.38498654961586, MAPE:956.6785888671875
Epoch: 41 
On Valid Set, MAE:0.5496298670768738, MSE:0.7018351554870605, MAPE:626.387939453125
On Test Set, MAE:0.394045889377594, MSE:0.3870139718055725, MAPE:961.220458984375
Epoch: 42 
On Valid Set, MAE:0.5531931519508362, MSE:0.7132694721221924, MAPE:619.8892211914062
On Test Set, MAE:0.39271995425224304, MSE:0.38497909903526306, MAPE:958.08056640625
Epoch: 43 
On Valid Set, MAE:0.5503036379814148, MSE:0.7057062387466431, MAPE:620.0462646484375
On Test Set, MAE:0.3930051624774933, MSE:0.38512086868286133, MAPE:962.412841796875
Epoch: 44 
On Valid Set, MAE:0.5490658283233643, MSE:0.7009930610656738, MAPE:624.1909790039062
On Test Set, MAE:0.3945133686065674, MSE:0.3871711194515228, MAPE:961.5137329101562
Epoch: 45 
On Valid Set, MAE:0.5476445555686951, MSE:0.6993589997291565, MAPE:627.0999145507812
On Test Set, MAE:0.3949027955532074, MSE:0.388031929731369, MAPE:953.1665649414062
Epoch: 46 
On Valid Set, MAE:0.5495834946632385, MSE:0.7033429741859436, MAPE:631.23681640625
On Test Set, MAE:0.393975168466568, MSE:0.3869844079017639, MAPE:963.9185791015625
Epoch: 47 
On Valid Set, MAE:0.547782301902771, MSE:0.6985771059989929, MAPE:625.7333984375
On Test Set, MAE:0.39385518431663513, MSE:0.38660329580307007, MAPE:961.477783203125
Epoch: 48 
On Valid Set, MAE:0.5456057190895081, MSE:0.6938358545303345, MAPE:630.7828979492188
On Test Set, MAE:0.3948684334754944, MSE:0.3880573511123657, MAPE:955.4678955078125
best model saved
Epoch: 49 
On Valid Set, MAE:0.5504158735275269, MSE:0.7056753039360046, MAPE:621.5100708007812
On Test Set, MAE:0.3950973153114319, MSE:0.3884587585926056, MAPE:958.9470825195312
Epoch: 50 
On Valid Set, MAE:0.5477339029312134, MSE:0.6967454552650452, MAPE:625.468994140625
On Test Set, MAE:0.3944263756275177, MSE:0.3856278657913208, MAPE:960.3674926757812
Epoch: 51 
On Valid Set, MAE:0.5488020777702332, MSE:0.6970051527023315, MAPE:625.0687866210938
On Test Set, MAE:0.39583155512809753, MSE:0.3873487412929535, MAPE:966.1796875
Epoch: 52 
On Valid Set, MAE:0.5500358939170837, MSE:0.6999876499176025, MAPE:623.2054443359375
On Test Set, MAE:0.3956393897533417, MSE:0.38647696375846863, MAPE:963.0828857421875
Epoch: 53 
On Valid Set, MAE:0.5482825040817261, MSE:0.7008592486381531, MAPE:626.5696411132812
On Test Set, MAE:0.3925734758377075, MSE:0.3848501145839691, MAPE:954.5198364257812
Epoch: 54 
On Valid Set, MAE:0.5514160394668579, MSE:0.7039119005203247, MAPE:623.4750366210938
On Test Set, MAE:0.3943277597427368, MSE:0.38505518436431885, MAPE:963.9902954101562
Epoch: 55 
On Valid Set, MAE:0.546859622001648, MSE:0.6972795128822327, MAPE:626.7153930664062
On Test Set, MAE:0.393685519695282, MSE:0.386242151260376, MAPE:955.9765625
Epoch: 56 
On Valid Set, MAE:0.547955334186554, MSE:0.6980786323547363, MAPE:627.2847900390625
On Test Set, MAE:0.39385926723480225, MSE:0.3865722417831421, MAPE:962.5535888671875
Epoch: 57 
On Valid Set, MAE:0.547984778881073, MSE:0.6986454129219055, MAPE:625.6661376953125
On Test Set, MAE:0.39403942227363586, MSE:0.38633719086647034, MAPE:957.0078125
Epoch: 58 
On Valid Set, MAE:0.5505199432373047, MSE:0.7045716047286987, MAPE:625.6427612304688
On Test Set, MAE:0.3927083909511566, MSE:0.384786993265152, MAPE:957.6787719726562
Epoch: 59 
On Valid Set, MAE:0.5489041209220886, MSE:0.7019528746604919, MAPE:625.24658203125
On Test Set, MAE:0.3936397433280945, MSE:0.3865809738636017, MAPE:961.1920166015625
Epoch: 60 
On Valid Set, MAE:0.5509041547775269, MSE:0.7051562666893005, MAPE:625.392333984375
On Test Set, MAE:0.3935059607028961, MSE:0.38542336225509644, MAPE:958.13916015625
Epoch: 61 
On Valid Set, MAE:0.5519229769706726, MSE:0.7070541977882385, MAPE:620.7453002929688
On Test Set, MAE:0.39394983649253845, MSE:0.3855053782463074, MAPE:966.9742431640625
Epoch: 62 
On Valid Set, MAE:0.5490313768386841, MSE:0.6998291611671448, MAPE:625.1962280273438
On Test Set, MAE:0.39372357726097107, MSE:0.3853698968887329, MAPE:963.9302978515625
Epoch: 63 
On Valid Set, MAE:0.5489407181739807, MSE:0.6991126537322998, MAPE:626.8191528320312
On Test Set, MAE:0.3955502212047577, MSE:0.3880029618740082, MAPE:965.9518432617188
Epoch: 64 
On Valid Set, MAE:0.5477167367935181, MSE:0.6971896290779114, MAPE:621.3148193359375
On Test Set, MAE:0.3944663405418396, MSE:0.38639751076698303, MAPE:959.7963256835938
Epoch: 65 
On Valid Set, MAE:0.5475543737411499, MSE:0.6983567476272583, MAPE:625.806884765625
On Test Set, MAE:0.3930669128894806, MSE:0.38676854968070984, MAPE:959.6647338867188
Epoch: 66 
On Valid Set, MAE:0.5488108992576599, MSE:0.6992128491401672, MAPE:626.6976928710938
On Test Set, MAE:0.3931710124015808, MSE:0.38556623458862305, MAPE:961.74755859375
Epoch: 67 
On Valid Set, MAE:0.5478349924087524, MSE:0.6976091861724854, MAPE:628.2635498046875
On Test Set, MAE:0.3936375677585602, MSE:0.3861713409423828, MAPE:958.802490234375
Epoch: 68 
On Valid Set, MAE:0.5507730841636658, MSE:0.7054212689399719, MAPE:625.7156982421875
On Test Set, MAE:0.39472490549087524, MSE:0.3877548575401306, MAPE:961.1405639648438
Epoch: 69 
On Valid Set, MAE:0.5483706593513489, MSE:0.6983052492141724, MAPE:625.920166015625
On Test Set, MAE:0.39445653557777405, MSE:0.3871716856956482, MAPE:959.6737060546875
Epoch: 70 
On Valid Set, MAE:0.5488848686218262, MSE:0.6993404626846313, MAPE:622.7088623046875
On Test Set, MAE:0.39418086409568787, MSE:0.3854126036167145, MAPE:959.0618286132812
Epoch: 71 
On Valid Set, MAE:0.5484552979469299, MSE:0.7002777457237244, MAPE:627.1231079101562
On Test Set, MAE:0.39543724060058594, MSE:0.3893585503101349, MAPE:959.2144775390625
Epoch: 72 
On Valid Set, MAE:0.5525863766670227, MSE:0.7070255875587463, MAPE:626.4823608398438
On Test Set, MAE:0.3956896662712097, MSE:0.3881851136684418, MAPE:971.4016723632812
Epoch: 73 
On Valid Set, MAE:0.5500841736793518, MSE:0.7019889950752258, MAPE:623.4627685546875
On Test Set, MAE:0.39341166615486145, MSE:0.38446399569511414, MAPE:960.755126953125
Epoch: 74 
On Valid Set, MAE:0.5490291714668274, MSE:0.7013325095176697, MAPE:623.42138671875
On Test Set, MAE:0.3926889896392822, MSE:0.38465967774391174, MAPE:955.901611328125
Epoch: 75 
On Valid Set, MAE:0.5497096180915833, MSE:0.7036622762680054, MAPE:625.6176147460938
On Test Set, MAE:0.39299795031547546, MSE:0.38580721616744995, MAPE:958.2461547851562
Epoch: 76 
On Valid Set, MAE:0.5483653545379639, MSE:0.7030774354934692, MAPE:625.4073486328125
On Test Set, MAE:0.39304354786872864, MSE:0.3867543041706085, MAPE:957.3566284179688
Epoch: 77 
On Valid Set, MAE:0.546722948551178, MSE:0.6958529353141785, MAPE:628.8305053710938
On Test Set, MAE:0.3946407437324524, MSE:0.38746893405914307, MAPE:961.3048706054688
Epoch: 78 
On Valid Set, MAE:0.5509997010231018, MSE:0.7077233195304871, MAPE:624.0927734375
On Test Set, MAE:0.3934028148651123, MSE:0.3858034014701843, MAPE:960.1151733398438
Epoch: 79 
On Valid Set, MAE:0.5488286018371582, MSE:0.7018048763275146, MAPE:626.929931640625
On Test Set, MAE:0.3939458429813385, MSE:0.38611939549446106, MAPE:960.8710327148438
Epoch: 80 
On Valid Set, MAE:0.5505481362342834, MSE:0.7048438191413879, MAPE:623.1786499023438
On Test Set, MAE:0.392926424741745, MSE:0.384085088968277, MAPE:957.4552612304688
Epoch: 81 
On Valid Set, MAE:0.5507988333702087, MSE:0.7029322981834412, MAPE:628.4232788085938
On Test Set, MAE:0.395174115896225, MSE:0.3860314190387726, MAPE:969.2396850585938
Epoch: 82 
On Valid Set, MAE:0.5473906993865967, MSE:0.6958159804344177, MAPE:627.5574340820312
On Test Set, MAE:0.3950120210647583, MSE:0.3871932923793793, MAPE:965.062744140625
Epoch: 83 
On Valid Set, MAE:0.552254319190979, MSE:0.7077152132987976, MAPE:621.8045043945312
On Test Set, MAE:0.3932773768901825, MSE:0.38448408246040344, MAPE:962.4456176757812
Epoch: 84 
On Valid Set, MAE:0.5480961799621582, MSE:0.6975023150444031, MAPE:627.0673828125
On Test Set, MAE:0.39413192868232727, MSE:0.38630911707878113, MAPE:964.2413330078125
Epoch: 85 
On Valid Set, MAE:0.5486027002334595, MSE:0.6975823640823364, MAPE:623.3095703125
On Test Set, MAE:0.3952028155326843, MSE:0.3869743049144745, MAPE:966.841796875
Epoch: 86 
On Valid Set, MAE:0.5496761202812195, MSE:0.7042827010154724, MAPE:625.1224365234375
On Test Set, MAE:0.39442193508148193, MSE:0.38829171657562256, MAPE:961.7478637695312
Epoch: 87 
On Valid Set, MAE:0.5484330058097839, MSE:0.7004016041755676, MAPE:625.9959106445312
On Test Set, MAE:0.3955659866333008, MSE:0.3889722228050232, MAPE:962.4354248046875
Epoch: 88 
On Valid Set, MAE:0.5489961504936218, MSE:0.6993100047111511, MAPE:624.5216064453125
On Test Set, MAE:0.39524760842323303, MSE:0.38743096590042114, MAPE:957.88623046875
Epoch: 89 
On Valid Set, MAE:0.5516718626022339, MSE:0.7039117217063904, MAPE:621.4134521484375
On Test Set, MAE:0.39439138770103455, MSE:0.3851504623889923, MAPE:961.6399536132812
Epoch: 90 
On Valid Set, MAE:0.5484286546707153, MSE:0.6999446153640747, MAPE:626.6279907226562
On Test Set, MAE:0.3937411308288574, MSE:0.3861449658870697, MAPE:963.451171875
Epoch: 91 
On Valid Set, MAE:0.5489194989204407, MSE:0.6983518600463867, MAPE:631.352294921875
On Test Set, MAE:0.3962228000164032, MSE:0.38907313346862793, MAPE:961.7258911132812
Epoch: 92 
On Valid Set, MAE:0.5486952662467957, MSE:0.7007808089256287, MAPE:627.5187377929688
On Test Set, MAE:0.39513903856277466, MSE:0.38897114992141724, MAPE:957.5549926757812
Epoch: 93 
On Valid Set, MAE:0.5492427349090576, MSE:0.7018733620643616, MAPE:625.5694580078125
On Test Set, MAE:0.39322248101234436, MSE:0.38611704111099243, MAPE:960.9342651367188
Epoch: 94 
On Valid Set, MAE:0.5493209362030029, MSE:0.7016867399215698, MAPE:626.0465087890625
On Test Set, MAE:0.39345699548721313, MSE:0.3855200707912445, MAPE:962.4050903320312
Epoch: 95 
On Valid Set, MAE:0.550234317779541, MSE:0.7028844356536865, MAPE:625.4683227539062
On Test Set, MAE:0.39362969994544983, MSE:0.38538768887519836, MAPE:965.1087646484375
Epoch: 96 
On Valid Set, MAE:0.5488963723182678, MSE:0.6992801427841187, MAPE:621.26708984375
On Test Set, MAE:0.39436033368110657, MSE:0.38653597235679626, MAPE:965.66064453125
Epoch: 97 
On Valid Set, MAE:0.5485846996307373, MSE:0.6970171928405762, MAPE:632.79345703125
On Test Set, MAE:0.3948077857494354, MSE:0.3867582082748413, MAPE:965.4014892578125
Epoch: 98 
On Valid Set, MAE:0.5512240529060364, MSE:0.7046071887016296, MAPE:622.9812622070312
On Test Set, MAE:0.39451298117637634, MSE:0.3857418894767761, MAPE:960.2965087890625
Epoch: 99 
On Valid Set, MAE:0.5525542497634888, MSE:0.7078535556793213, MAPE:623.6195068359375
On Test Set, MAE:0.3945377469062805, MSE:0.38615351915359497, MAPE:969.1460571289062
Epoch: 100 
On Valid Set, MAE:0.547319233417511, MSE:0.6995687484741211, MAPE:624.5602416992188
On Test Set, MAE:0.39381980895996094, MSE:0.38657522201538086, MAPE:957.9566040039062
